<?xml version="1.0" encoding="UTF-8"?>
<testsuite name="org.fpm.di.example.Example" tests="1" skipped="0" failures="0" errors="0" timestamp="2023-01-08T12:22:46" hostname="MacBook-Air.local" time="0.007">
  <properties/>
  <testcase name="shouldBuildInjectDependencies" classname="org.fpm.di.example.Example" time="0.007"/>
  <system-out><![CDATA[]]></system-out>
  <system-err><![CDATA[]]></system-err>
</testsuite>
